2018-12-27 13:37:04,687 INFO o.a.j.u.JMeterUtils: Setting Locale to en_EN
2018-12-27 13:37:04,699 INFO o.a.j.JMeter: Loading user properties from: user.properties
2018-12-27 13:37:04,700 INFO o.a.j.JMeter: Loading system properties from: system.properties
2018-12-27 13:37:04,704 INFO o.a.j.JMeter: Copyright (c) 1998-2018 The Apache Software Foundation
2018-12-27 13:37:04,704 INFO o.a.j.JMeter: Version 5.0 r1840935
2018-12-27 13:37:04,704 INFO o.a.j.JMeter: java.version=1.8.0_181
2018-12-27 13:37:04,704 INFO o.a.j.JMeter: java.vm.name=Java HotSpot(TM) 64-Bit Server VM
2018-12-27 13:37:04,704 INFO o.a.j.JMeter: os.name=Windows 7
2018-12-27 13:37:04,704 INFO o.a.j.JMeter: os.arch=amd64
2018-12-27 13:37:04,705 INFO o.a.j.JMeter: os.version=6.1
2018-12-27 13:37:04,705 INFO o.a.j.JMeter: file.encoding=Cp1252
2018-12-27 13:37:04,705 INFO o.a.j.JMeter: Max memory     =1073741824
2018-12-27 13:37:04,705 INFO o.a.j.JMeter: Available Processors =8
2018-12-27 13:37:04,708 INFO o.a.j.JMeter: Default Locale=English (EN)
2018-12-27 13:37:04,709 INFO o.a.j.JMeter: JMeter  Locale=English (EN)
2018-12-27 13:37:04,709 INFO o.a.j.JMeter: JMeterHome=C:\tmp\Jenkins\JMeter\apache-jmeter-5.0
2018-12-27 13:37:04,709 INFO o.a.j.JMeter: user.dir  =C:\tmp\Jenkins\JMeter\apache-jmeter-5.0\bin
2018-12-27 13:37:04,709 INFO o.a.j.JMeter: PWD       =C:\tmp\Jenkins\JMeter\apache-jmeter-5.0\bin
2018-12-27 13:37:04,710 INFO o.a.j.JMeter: IP: 192.168.56.1 Name: VH-MA0055026 FullName: VH-MA0055026.corp.cdw.com
2018-12-27 13:37:04,926 INFO o.a.j.g.a.LookAndFeelCommand: Installing Darcula LAF
2018-12-27 13:37:04,938 INFO o.a.j.g.a.LookAndFeelCommand: Using look and feel: com.bulenkov.darcula.DarculaLaf [Darcula]
2018-12-27 13:37:04,938 INFO o.a.j.JMeter: Setting LAF to: com.bulenkov.darcula.DarculaLaf
2018-12-27 13:37:04,987 INFO o.a.j.JMeter: Loaded icon properties from org/apache/jmeter/images/icon.properties
2018-12-27 13:37:05,506 INFO o.a.j.e.u.CompoundVariable: Note: Function class names must contain the string: '.functions.'
2018-12-27 13:37:05,506 INFO o.a.j.e.u.CompoundVariable: Note: Function class names must not contain the string: '.gui.'
2018-12-27 13:37:06,316 INFO o.j.r.JARSourceHTTP: Found cached repo
2018-12-27 13:37:06,431 INFO o.j.r.PluginManager: Plugins Status: [jpgc-cmd=2.2, jpgc-casutg=2.6, jpgc-plugins-manager=1.3, jmeter-core=5.0, jmeter-ftp=5.0, jmeter-http=5.0, jmeter-jdbc=5.0, jmeter-jms=5.0, jmeter-junit=5.0, jmeter-java=5.0, jmeter-ldap=5.0, jmeter-mail=5.0, jmeter-mongodb=5.0, jmeter-native=5.0, jmeter-tcp=5.0, jmeter-components=5.0]
2018-12-27 13:37:07,633 INFO o.a.j.p.h.s.HTTPSamplerBase: Parser for text/html is org.apache.jmeter.protocol.http.parser.LagartoBasedHtmlParser
2018-12-27 13:37:07,634 INFO o.a.j.p.h.s.HTTPSamplerBase: Parser for application/xhtml+xml is org.apache.jmeter.protocol.http.parser.LagartoBasedHtmlParser
2018-12-27 13:37:07,634 INFO o.a.j.p.h.s.HTTPSamplerBase: Parser for application/xml is org.apache.jmeter.protocol.http.parser.LagartoBasedHtmlParser
2018-12-27 13:37:07,635 INFO o.a.j.p.h.s.HTTPSamplerBase: Parser for text/xml is org.apache.jmeter.protocol.http.parser.LagartoBasedHtmlParser
2018-12-27 13:37:07,635 INFO o.a.j.p.h.s.HTTPSamplerBase: Parser for text/vnd.wap.wml is org.apache.jmeter.protocol.http.parser.RegexpHTMLParser
2018-12-27 13:37:07,635 INFO o.a.j.p.h.s.HTTPSamplerBase: Parser for text/css is org.apache.jmeter.protocol.http.parser.CssParser
2018-12-27 13:37:07,961 INFO o.a.j.e.KeyToolUtils: keytool found at 'keytool'
2018-12-27 13:37:07,962 INFO o.a.j.p.h.p.ProxyControl: HTTP(S) Test Script Recorder SSL Proxy will use keys that support embedded 3rd party resources in file C:\tmp\Jenkins\JMeter\apache-jmeter-5.0\bin\proxyserver.jks
2018-12-27 13:37:08,093 INFO o.a.j.s.FileServer: Default base='C:\tmp\Jenkins\JMeter\apache-jmeter-5.0\bin'
2018-12-27 13:37:08,477 INFO o.a.j.s.SampleResult: Note: Sample TimeStamps are START times
2018-12-27 13:37:08,477 INFO o.a.j.s.SampleResult: sampleresult.default.encoding is set to ISO-8859-1
2018-12-27 13:37:08,477 INFO o.a.j.s.SampleResult: sampleresult.useNanoTime=true
2018-12-27 13:37:08,477 INFO o.a.j.s.SampleResult: sampleresult.nanoThreadSleep=5000
